----------------------------------------------------------------
Wed Feb 15 18:56:27 CET 2017:
Booting Derby version The Apache Software Foundation - Apache Derby - 10.8.2.2 - (1181258): instance a816c00e-015a-42eb-15a5-00000b4e8d68 
on database directory /tmp/1487181386004-0/derbystore/default/default  with class loader sun.misc.Launcher$AppClassLoader@232204a1 
Loaded from file:/home/afabiani/.m2/repository/org/apache/derby/derby/10.8.2.2/derby-10.8.2.2.jar
java.vendor=Oracle Corporation
java.runtime.version=1.8.0_121-b13
user.dir=/opt/code/java/geoserver/geoserver/src/community/notification
derby.system.home=null
Database Class Loader started - derby.database.classpath=''
----------------------------------------------------------------
Wed Feb 15 18:56:42 CET 2017:
Shutting down instance a816c00e-015a-42eb-15a5-00000b4e8d68 on database directory /tmp/1487181386004-0/derbystore/default/default with class loader sun.misc.Launcher$AppClassLoader@232204a1 
----------------------------------------------------------------
Wed Feb 15 18:56:43 CET 2017:
Booting Derby version The Apache Software Foundation - Apache Derby - 10.8.2.2 - (1181258): instance 1e2700f9-015a-42eb-15a5-00000b4e8d68 
on database directory /tmp/1487181403532-0/derbystore/default/default  with class loader sun.misc.Launcher$AppClassLoader@232204a1 
Loaded from file:/home/afabiani/.m2/repository/org/apache/derby/derby/10.8.2.2/derby-10.8.2.2.jar
java.vendor=Oracle Corporation
java.runtime.version=1.8.0_121-b13
user.dir=/opt/code/java/geoserver/geoserver/src/community/notification
derby.system.home=null
Database Class Loader started - derby.database.classpath=''
----------------------------------------------------------------
Wed Feb 15 18:56:56 CET 2017:
Shutting down instance 1e2700f9-015a-42eb-15a5-00000b4e8d68 on database directory /tmp/1487181403532-0/derbystore/default/default with class loader sun.misc.Launcher$AppClassLoader@232204a1 
