#
# A fatal error has been detected by the Java Runtime Environment:
#
#  SIGBUS (0xa) at pc=0x000000018b57a9f0, pid=86813, tid=0x0000000000001603
#
# JRE version: OpenJDK Runtime Environment (Zulu 8.52.0.23-CA-macos-aarch64) (8.0_282-b08) (build 1.8.0_282-b08)
# Java VM: OpenJDK 64-Bit Server VM (25.282-b08 mixed mode bsd-aarch64 compressed oops)
# Problematic frame:
# C  [libsystem_platform.dylib+0x39f0]  _platform_memmove+0xb0
#
# Failed to write core dump. Core dumps have been disabled. To enable core dumping, try "ulimit -c unlimited" before starting Java again
#
# If you would like to submit a bug report, please visit:
#   http://www.azulsystems.com/support/
# The crash happened outside the Java Virtual Machine in native code.
# See problematic frame for where to report the bug.
#

---------------  T H R E A D  ---------------

Current thread (0x0000000143808800):  JavaThread "main" [_thread_in_native, id=5635, stack(0x000000016b3a0000,0x000000016b5a3000)]

siginfo: si_signo: 10 (SIGBUS), si_code: 1 (BUS_ADRALN), si_addr: 0x000000011602c000

Registers:
 x0=0x00000001270d3c00  x1=0x000000011602bfed  x2=0x000000000000224c  x3=0x00000001270d4900
 x4=0x000000016b59e496  x5=0x0000000000000020  x6=0x0000000000000073  x7=0x672f736c6f6f746f
 x8=0x0000000000000000  x9=0x0000000000001603 x10=0x00000000ffff7e00 x11=0x00000001270081fc
x12=0x000000000000f4d0 x13=0x00000000ffff8001 x14=0x0000000000000675 x15=0x0000000000001db8
x16=0x000000018b57a940 x17=0x0000000000001db8 x18=0x0000000000000000 x19=0x0000000126b19ae0
x20=0x000000000000764f x21=0x000000014402cfe0 x22=0x000000011602b2bf x23=0x0000000070772f67
x24=0x0000000000002f6c x25=0x00000001270d3c00 x26=0x000000000000004f x27=0x0000000126b19b08
x28=0x0000000000000076  fp=0x000000016b59e420  lr=0x0000000104c1eaf8  sp=0x000000016b59e3a0
pc=0x000000018b57a9f0 cpsr=0x0000000020001000
Top of Stack: (sp=0x000000016b59e3a0)
0x000000016b59e3a0:   000000016b59e3c0 000000011602b2ed
0x000000016b59e3b0:   000000002e676e69 000000006d782f73
0x000000016b59e3c0:   000000006b59e3d0 0000000000007265
0x000000016b59e3d0:   0000000143808800 0000000144a11a00
0x000000016b59e3e0:   000000000000003e 0000000000000026
0x000000016b59e3f0:   000000000000002f 000000003851b860
0x000000016b59e400:   00000001253ff710 0000000000000001
0x000000016b59e410:   000000016b59e496 000000014402cfe0
0x000000016b59e420:   000000016b59e480 0000000104c1e850
0x000000016b59e430:   0000000143808800 0000000000000000
0x000000016b59e440:   000000010a5100c0 000000016b59e496
0x000000016b59e450:   000000016b59e496 0000000000000026
0x000000016b59e460:   000000016b59e8f8 0000000143808a50
0x000000016b59e470:   000000014402cfe0 0000000000000001
0x000000016b59e480:   000000016b59e8e0 0000000104c1d428
0x000000016b59e490:   726f0007a030ab50 6f6f746f65672f67
0x000000016b59e4a0:   6b706f65672f736c 7275746165462f67
0x000000016b59e4b0:   632e7972746e4565 000000007373616c
0x000000016b59e4c0:   00000007b87d0b38 00000001135143d8
0x000000016b59e4d0:   0000000143808800 00000007b87d09f0
0x000000016b59e4e0:   000000016b59e8a0 000000010a720a58
0x000000016b59e4f0:   0000000143808800 0000000000000000
0x000000016b59e500:   000000016b59e5e0 0000000000000002
0x000000016b59e510:   0000000153704500 0000000153704500
0x000000016b59e520:   00000001135143d8 0000000143808a50
0x000000016b59e530:   000000016b59e6f0 0000000143808800
0x000000016b59e540:   000000016b59e6b0 0000000109abc500
0x000000016b59e550:   00000007000008c6 00000001135143d8
0x000000016b59e560:   0000000143808800 00000001135143d8
0x000000016b59e570:   0000000143808800 0000000109e5ee48
0x000000016b59e580:   0000000138036a70 00000000a0b18b90
0x000000016b59e590:   00000001138083b8 0000000000000000 

Instructions: (pc=0x000000018b57a9f0)
0x000000018b57a9d0:   ac400420 91008021 cb050042 ad000c02
0x000000018b57a9e0:   f1010042 540000e9 ad000460 91008063
0x000000018b57a9f0:   ac400420 91008021 f1008042 54ffff68
0x000000018b57aa00:   8b020021 ac400c22 ad000460 8b020063 

Register to memory mapping:

 x0=0x00000001270d3c00 is an unknown value
 x1=0x000000011602bfed is an unknown value
 x2=0x000000000000224c is an unknown value
 x3=0x00000001270d4900 is an unknown value
 x4=0x000000016b59e496 is pointing into the stack for thread: 0x0000000143808800
 x5=0x0000000000000020 is an unknown value
 x6=0x0000000000000073 is an unknown value
 x7=0x672f736c6f6f746f is an unknown value
 x8=0x0000000000000000 is an unknown value
 x9=0x0000000000001603 is an unknown value
x10=0x00000000ffff7e00 is an unknown value
x11=0x00000001270081fc is an unknown value
x12=0x000000000000f4d0 is an unknown value
x13=0x00000000ffff8001 is an unknown value
x14=0x0000000000000675 is an unknown value
x15=0x0000000000001db8 is an unknown value
x16=0x000000018b57a940: _platform_memmove+0 in /usr/lib/system/libsystem_platform.dylib at 0x000000018b577000
x17=0x0000000000001db8 is an unknown value
x18=0x0000000000000000 is an unknown value
x19=0x0000000126b19ae0 is an unknown value
x20=0x000000000000764f is an unknown value
x21=0x000000014402cfe0 is an unknown value
x22=0x000000011602b2bf is an unknown value
x23=0x0000000070772f67 is an unknown value
x24=0x0000000000002f6c is an unknown value
x25=0x00000001270d3c00 is an unknown value
x26=0x000000000000004f is an unknown value
x27=0x0000000126b19b08 is an unknown value
x28=0x0000000000000076 is an unknown value


Stack: [0x000000016b3a0000,0x000000016b5a3000],  sp=0x000000016b59e3a0,  free space=2040k
Native frames: (J=compiled Java code, j=interpreted, Vv=VM code, C=native code)
C  [libsystem_platform.dylib+0x39f0]  _platform_memmove+0xb0
C  [libzip.dylib+0x6850]  ZIP_GetEntry2+0xec
C  [libzip.dylib+0x5428]  Java_java_util_zip_ZipFile_getEntry+0xac
J 266  java.util.zip.ZipFile.getEntry(J[BZ)J (0 bytes) @ 0x000000010a66d450 [0x000000010a66d3c0+0x90]
C  0x0000000100000000

Java frames: (J=compiled Java code, j=interpreted, Vv=VM code)
J 266  java.util.zip.ZipFile.getEntry(J[BZ)J (0 bytes) @ 0x000000010a66d454 [0x000000010a66d3c0+0x94]
J 271 C1 java.util.zip.ZipFile.getEntry(Ljava/lang/String;)Ljava/util/zip/ZipEntry; (101 bytes) @ 0x000000010a67119c [0x000000010a671000+0x19c]
J 727 C1 java.util.jar.JarFile.getEntry(Ljava/lang/String;)Ljava/util/zip/ZipEntry; (22 bytes) @ 0x000000010a72e5e4 [0x000000010a72e580+0x64]
J 726 C1 sun.misc.URLClassPath$JarLoader.getResource(Ljava/lang/String;Z)Lsun/misc/Resource; (85 bytes) @ 0x000000010a72de90 [0x000000010a72ddc0+0xd0]
J 408 C1 sun.misc.URLClassPath.getResource(Ljava/lang/String;Z)Lsun/misc/Resource; (83 bytes) @ 0x000000010a6ada9c [0x000000010a6ada00+0x9c]
J 611 C1 java.net.URLClassLoader$1.run()Ljava/lang/Class; (63 bytes) @ 0x000000010a6fa074 [0x000000010a6f9fc0+0xb4]
J 559 C1 java.net.URLClassLoader$1.run()Ljava/lang/Object; (5 bytes) @ 0x000000010a6e85d8 [0x000000010a6e8580+0x58]
v  ~StubRoutines::call_stub
J 237  java.security.AccessController.doPrivileged(Ljava/security/PrivilegedExceptionAction;Ljava/security/AccessControlContext;)Ljava/lang/Object; (0 bytes) @ 0x000000010a6601dc [0x000000010a660140+0x9c]
J 557 C1 java.net.URLClassLoader.findClass(Ljava/lang/String;)Ljava/lang/Class; (47 bytes) @ 0x000000010a6e6d58 [0x000000010a6e6c80+0xd8]
J 5535 C1 java.lang.ClassLoader.loadClass(Ljava/lang/String;Z)Ljava/lang/Class; (122 bytes) @ 0x000000010afcdaac [0x000000010afcd7c0+0x2ec]
J 576 C1 sun.misc.Launcher$AppClassLoader.loadClass(Ljava/lang/String;Z)Ljava/lang/Class; (85 bytes) @ 0x000000010a6efdec [0x000000010a6efac0+0x32c]
J 575 C1 java.lang.ClassLoader.loadClass(Ljava/lang/String;)Ljava/lang/Class; (7 bytes) @ 0x000000010a6ef328 [0x000000010a6ef2c0+0x68]
v  ~StubRoutines::call_stub
j  org.geoserver.geopackage.GeoPkg.getGeoPackage(Ljava/io/File;)Lorg/geotools/geopkg/GeoPackage;+63
j  org.geoserver.wfs.geopackage.GeoPackageGetFeatureOutputFormat.write(Lorg/geoserver/wfs/request/FeatureCollectionResponse;Ljava/io/OutputStream;Lorg/geoserver/platform/Operation;)V+11
j  org.geoserver.wfs.geopackage.GeoPackageGetFeatureOutputFormatTest.testGetFeature(Lorg/geoserver/wfs/request/FeatureCollectionResponse;Z)V+18
j  org.geoserver.wfs.geopackage.GeoPackageGetFeatureOutputFormatTest.testGetFeatureWithFilter()V+104
v  ~StubRoutines::call_stub
J 946  sun.reflect.NativeMethodAccessorImpl.invoke0(Ljava/lang/reflect/Method;Ljava/lang/Object;[Ljava/lang/Object;)Ljava/lang/Object; (0 bytes) @ 0x000000010a7824ec [0x000000010a782440+0xac]
J 945 C1 sun.reflect.NativeMethodAccessorImpl.invoke(Ljava/lang/Object;[Ljava/lang/Object;)Ljava/lang/Object; (104 bytes) @ 0x000000010a7836f4 [0x000000010a783380+0x374]
J 940 C1 sun.reflect.DelegatingMethodAccessorImpl.invoke(Ljava/lang/Object;[Ljava/lang/Object;)Ljava/lang/Object; (10 bytes) @ 0x000000010a78102c [0x000000010a780fc0+0x6c]
J 939 C1 java.lang.reflect.Method.invoke(Ljava/lang/Object;[Ljava/lang/Object;)Ljava/lang/Object; (62 bytes) @ 0x000000010a780c18 [0x000000010a780b00+0x118]
j  org.junit.runners.model.FrameworkMethod$1.runReflectiveCall()Ljava/lang/Object;+15
j  org.junit.internal.runners.model.ReflectiveCallable.run()Ljava/lang/Object;+1
j  org.junit.runners.model.FrameworkMethod.invokeExplosively(Ljava/lang/Object;[Ljava/lang/Object;)Ljava/lang/Object;+10
j  org.junit.internal.runners.statements.InvokeMethod.evaluate()V+12
j  org.junit.internal.runners.statements.RunBefores.evaluate()V+41
j  org.junit.internal.runners.statements.RunAfters.evaluate()V+12
j  org.junit.runners.ParentRunner$3.evaluate()V+4
j  org.junit.runners.BlockJUnit4ClassRunner$1.evaluate()V+11
j  org.junit.runners.ParentRunner.runLeaf(Lorg/junit/runners/model/Statement;Lorg/junit/runner/Description;Lorg/junit/runner/notification/RunNotifier;)V+17
j  org.junit.runners.BlockJUnit4ClassRunner.runChild(Lorg/junit/runners/model/FrameworkMethod;Lorg/junit/runner/notification/RunNotifier;)V+38
j  org.junit.runners.BlockJUnit4ClassRunner.runChild(Ljava/lang/Object;Lorg/junit/runner/notification/RunNotifier;)V+6
j  org.junit.runners.ParentRunner$4.run()V+12
j  org.junit.runners.ParentRunner$1.schedule(Ljava/lang/Runnable;)V+1
j  org.junit.runners.ParentRunner.runChildren(Lorg/junit/runner/notification/RunNotifier;)V+44
j  org.junit.runners.ParentRunner.access$100(Lorg/junit/runners/ParentRunner;Lorg/junit/runner/notification/RunNotifier;)V+2
j  org.junit.runners.ParentRunner$2.evaluate()V+8
j  org.junit.internal.runners.statements.RunBefores.evaluate()V+41
j  org.junit.internal.runners.statements.RunAfters.evaluate()V+12
j  org.junit.runners.ParentRunner$3.evaluate()V+4
j  org.junit.runners.ParentRunner.run(Lorg/junit/runner/notification/RunNotifier;)V+24
j  org.apache.maven.surefire.junit4.JUnit4Provider.execute(Ljava/lang/Class;Lorg/apache/maven/surefire/common/junit4/Notifier;Lorg/junit/runner/manipulation/Filter;)V+58
j  org.apache.maven.surefire.junit4.JUnit4Provider.executeWithRerun(Ljava/lang/Class;Lorg/apache/maven/surefire/common/junit4/Notifier;)V+60
j  org.apache.maven.surefire.junit4.JUnit4Provider.executeTestSet(Ljava/lang/Class;Lorg/apache/maven/surefire/report/RunListener;Lorg/apache/maven/surefire/common/junit4/Notifier;)V+34
j  org.apache.maven.surefire.junit4.JUnit4Provider.invoke(Ljava/lang/Object;)Lorg/apache/maven/surefire/suite/RunResult;+200
j  org.apache.maven.surefire.booter.ForkedBooter.invokeProviderInSameClassLoader(Lorg/apache/maven/surefire/booter/ForkingReporterFactory;)Lorg/apache/maven/surefire/suite/RunResult;+9
j  org.apache.maven.surefire.booter.ForkedBooter.runSuitesInProcess()Lorg/apache/maven/surefire/suite/RunResult;+7
j  org.apache.maven.surefire.booter.ForkedBooter.execute()V+1
j  org.apache.maven.surefire.booter.ForkedBooter.main([Ljava/lang/String;)V+35
v  ~StubRoutines::call_stub

---------------  P R O C E S S  ---------------

Java Threads: ( => current thread )
  0x00000001270c3800 JavaThread "EMF Reference Cleaner" daemon [_thread_blocked, id=19467, stack(0x000000016fed4000,0x00000001700d7000)]
  0x00000001270b9800 JavaThread "GWC DiskQuota clean up thread-1" [_thread_blocked, id=27167, stack(0x000000016fcc8000,0x000000016fecb000)]
  0x0000000153fff000 JavaThread "GWC DiskQuota Usage Stats Gathering Thread-2" [_thread_blocked, id=26655, stack(0x000000016fabc000,0x000000016fcbf000)]
  0x0000000126146800 JavaThread "GWC DiskQuota Updates Gathering Thread-2" [_thread_blocked, id=25919, stack(0x000000016f8b0000,0x000000016fab3000)]
  0x0000000126138800 JavaThread "FileSystemWatcher-2" daemon [_thread_blocked, id=25659, stack(0x000000016f6a4000,0x000000016f8a7000)]
  0x0000000133a70800 JavaThread "ForkJoinPool.commonPool-worker-0" daemon [_thread_blocked, id=24583, stack(0x000000016ee74000,0x000000016f077000)]
  0x0000000143f73000 JavaThread "FileSystemWatcher-1" daemon [_thread_blocked, id=38427, stack(0x000000016f498000,0x000000016f69b000)]
  0x000000012480b800 JavaThread "ForkJoinPool.commonPool-worker-7" daemon [_thread_blocked, id=39683, stack(0x000000016f28c000,0x000000016f48f000)]
  0x000000012480b000 JavaThread "ForkJoinPool.commonPool-worker-6" daemon [_thread_blocked, id=24835, stack(0x000000016f080000,0x000000016f283000)]
  0x0000000143ee6800 JavaThread "ForkJoinPool.commonPool-worker-5" daemon [_thread_blocked, id=24067, stack(0x000000016ec68000,0x000000016ee6b000)]
  0x0000000153cd6000 JavaThread "ForkJoinPool.commonPool-worker-3" daemon [_thread_blocked, id=40451, stack(0x000000016ea5c000,0x000000016ec5f000)]
  0x0000000143eb3000 JavaThread "ForkJoinPool.commonPool-worker-2" daemon [_thread_blocked, id=40707, stack(0x000000016e850000,0x000000016ea53000)]
  0x0000000143e88800 JavaThread "ForkJoinPool.commonPool-worker-1" daemon [_thread_blocked, id=23299, stack(0x000000016e644000,0x000000016e847000)]
  0x0000000143860000 JavaThread "GT authority factory disposer" daemon [_thread_blocked, id=41735, stack(0x000000016e438000,0x000000016e63b000)]
  0x0000000143c8b000 JavaThread "Java2D Disposer" daemon [_thread_blocked, id=41991, stack(0x000000016e22c000,0x000000016e42f000)]
  0x0000000153999800 JavaThread "WeakCollectionCleaner" daemon [_thread_blocked, id=41479, stack(0x000000016e020000,0x000000016e223000)]
  0x0000000144aa7800 JavaThread "AWT-AppKit" daemon [_thread_in_native, id=259, stack(0x0000000169310000,0x000000016b310000)]
  0x0000000144a78800 JavaThread "process reaper" daemon [_thread_blocked, id=42499, stack(0x000000016dfb4000,0x000000016e017000)]
  0x0000000143825800 JavaThread "surefire-forkedjvm-ping-30s" daemon [_thread_blocked, id=42755, stack(0x000000016dda8000,0x000000016dfab000)]
  0x0000000153824800 JavaThread "surefire-forkedjvm-command-thread" daemon [_thread_in_native, id=22275, stack(0x000000016db9c000,0x000000016dd9f000)]
  0x0000000144875000 JavaThread "Service Thread" daemon [_thread_blocked, id=17155, stack(0x000000016d784000,0x000000016d987000)]
  0x0000000133865000 JavaThread "C1 CompilerThread3" daemon [_thread_blocked, id=17667, stack(0x000000016d578000,0x000000016d77b000)]
  0x0000000133864000 JavaThread "C2 CompilerThread2" daemon [_thread_blocked, id=16643, stack(0x000000016d36c000,0x000000016d56f000)]
  0x0000000133863000 JavaThread "C2 CompilerThread1" daemon [_thread_blocked, id=16387, stack(0x000000016d160000,0x000000016d363000)]
  0x0000000144837800 JavaThread "C2 CompilerThread0" daemon [_thread_blocked, id=16131, stack(0x000000016cf54000,0x000000016d157000)]
  0x0000000144835800 JavaThread "Signal Dispatcher" daemon [_thread_blocked, id=18691, stack(0x000000016cd48000,0x000000016cf4b000)]
  0x0000000153813000 JavaThread "Finalizer" daemon [_thread_blocked, id=13827, stack(0x000000016ca24000,0x000000016cc27000)]
  0x000000014381e000 JavaThread "Reference Handler" daemon [_thread_blocked, id=20483, stack(0x000000016c818000,0x000000016ca1b000)]
=>0x0000000143808800 JavaThread "main" [_thread_in_native, id=5635, stack(0x000000016b3a0000,0x000000016b5a3000)]

Other Threads:
  0x0000000133846800 VMThread [stack: 0x000000016c60c000,0x000000016c80f000] [id=13059]
  0x0000000144875800 WatcherThread [stack: 0x000000016d990000,0x000000016db93000] [id=22019]

VM state:not at safepoint (normal execution)

VM Mutex/Monitor currently owned by a thread: None

heap address: 0x00000007a0000000, size: 512 MB, Compressed Oops mode: Zero based, Oop shift amount: 3
Narrow klass base: 0x0000000800000000, Narrow klass shift: 0
Compressed class space size: 1073741824 Address: 0x0000000800000000

Heap:
 PSYoungGen      total 151552K, used 63206K [0x00000007b5580000, 0x00000007bfe00000, 0x00000007c0000000)
  eden space 129536K, 40% used [0x00000007b5580000,0x00000007b882e428,0x00000007bd400000)
  from space 22016K, 51% used [0x00000007bd400000,0x00000007bdf0b788,0x00000007be980000)
  to   space 20992K, 0% used [0x00000007be980000,0x00000007be980000,0x00000007bfe00000)
 ParOldGen       total 206848K, used 43866K [0x00000007a0000000, 0x00000007aca00000, 0x00000007b5580000)
  object space 206848K, 21% used [0x00000007a0000000,0x00000007a2ad6bc8,0x00000007aca00000)
 Metaspace       used 72636K, capacity 74560K, committed 74848K, reserved 1114112K
  class space    used 9418K, capacity 9786K, committed 9824K, reserved 1048576K

Card table byte_map: [0x0000000105020000,0x0000000105124000] byte_map_base: 0x0000000101320000

Marking Bits: (ParMarkBitMap*) 0x0000000109e9dca0
 Begin Bits: [0x0000000112510000, 0x0000000112d10000)
 End Bits:   [0x0000000112d10000, 0x0000000113510000)

Polling page: 0x0000000104bc8000

CodeCache: size=131072Kb used=15547Kb max_used=15547Kb free=115524Kb
 bounds [0x000000010a510000, 0x000000010b450000, 0x0000000112510000]
 total_blobs=8511 nmethods=7809 adapters=616
 compilation: enabled

Compilation events (10 events):
Event: 5.530 Thread 0x0000000133865000 8048       1       org.geotools.data.store.ContentEntry::getDataStore (5 bytes)
Event: 5.530 Thread 0x0000000133865000 nmethod 8048 0x000000010b441bd0 code [0x000000010b441d00, 0x000000010b441d90]
Event: 5.530 Thread 0x0000000133865000 8049       1       org.geotools.data.store.ContentFeatureSource::getTransaction (5 bytes)
Event: 5.530 Thread 0x0000000133865000 nmethod 8049 0x000000010b441e10 code [0x000000010b441f40, 0x000000010b441fd0]
Event: 5.531 Thread 0x0000000133865000 8050       1       org.geotools.feature.AttributeTypeBuilder::resetDescriptorState (51 bytes)
Event: 5.531 Thread 0x0000000133865000 nmethod 8050 0x000000010b442050 code [0x000000010b4421c0, 0x000000010b442368]
Event: 5.532 Thread 0x0000000133865000 8052       1       org.geotools.feature.simple.SimpleFeatureTypeBuilder::addBindings (40 bytes)
Event: 5.532 Thread 0x0000000133865000 nmethod 8052 0x000000010b442410 code [0x000000010b4425c0, 0x000000010b4428b8]
Event: 5.532 Thread 0x0000000133865000 8051       1       org.geotools.filter.DefaultExpression::<init> (5 bytes)
Event: 5.532 Thread 0x0000000133865000 nmethod 8051 0x000000010b442ad0 code [0x000000010b442c00, 0x000000010b442cd0]

GC Heap History (10 events):
Event: 4.524 GC heap before
{Heap before GC invocations=18 (full 3):
 PSYoungGen      total 150528K, used 131589K [0x00000007b5580000, 0x00000007c0000000, 0x00000007c0000000)
  eden space 127488K, 100% used [0x00000007b5580000,0x00000007bd200000,0x00000007bd200000)
  from space 23040K, 17% used [0x00000007be980000,0x00000007bed81508,0x00000007c0000000)
  to   space 23552K, 0% used [0x00000007bd200000,0x00000007bd200000,0x00000007be900000)
 ParOldGen       total 206848K, used 43826K [0x00000007a0000000, 0x00000007aca00000, 0x00000007b5580000)
  object space 206848K, 21% used [0x00000007a0000000,0x00000007a2accbc8,0x00000007aca00000)
 Metaspace       used 66840K, capacity 68470K, committed 68704K, reserved 1110016K
  class space    used 8618K, capacity 8935K, committed 9056K, reserved 1048576K
Event: 4.527 GC heap after
Heap after GC invocations=18 (full 3):
 PSYoungGen      total 136192K, used 8636K [0x00000007b5580000, 0x00000007bfe80000, 0x00000007c0000000)
  eden space 127488K, 0% used [0x00000007b5580000,0x00000007b5580000,0x00000007bd200000)
  from space 8704K, 99% used [0x00000007bd200000,0x00000007bda6f380,0x00000007bda80000)
  to   space 22528K, 0% used [0x00000007be880000,0x00000007be880000,0x00000007bfe80000)
 ParOldGen       total 206848K, used 43834K [0x00000007a0000000, 0x00000007aca00000, 0x00000007b5580000)
  object space 206848K, 21% used [0x00000007a0000000,0x00000007a2acebc8,0x00000007aca00000)
 Metaspace       used 66840K, capacity 68470K, committed 68704K, reserved 1110016K
  class space    used 8618K, capacity 8935K, committed 9056K, reserved 1048576K
}
Event: 4.644 GC heap before
{Heap before GC invocations=19 (full 3):
 PSYoungGen      total 136192K, used 136124K [0x00000007b5580000, 0x00000007bfe80000, 0x00000007c0000000)
  eden space 127488K, 100% used [0x00000007b5580000,0x00000007bd200000,0x00000007bd200000)
  from space 8704K, 99% used [0x00000007bd200000,0x00000007bda6f380,0x00000007bda80000)
  to   space 22528K, 0% used [0x00000007be880000,0x00000007be880000,0x00000007bfe80000)
 ParOldGen       total 206848K, used 43834K [0x00000007a0000000, 0x00000007aca00000, 0x00000007b5580000)
  object space 206848K, 21% used [0x00000007a0000000,0x00000007a2acebc8,0x00000007aca00000)
 Metaspace       used 67295K, capacity 68988K, committed 69216K, reserved 1110016K
  class space    used 8677K, capacity 9000K, committed 9056K, reserved 1048576K
Event: 4.646 GC heap after
Heap after GC invocations=19 (full 3):
 PSYoungGen      total 150528K, used 5234K [0x00000007b5580000, 0x00000007c0000000, 0x00000007c0000000)
  eden space 128000K, 0% used [0x00000007b5580000,0x00000007b5580000,0x00000007bd280000)
  from space 22528K, 23% used [0x00000007be880000,0x00000007bed9cb98,0x00000007bfe80000)
  to   space 22528K, 0% used [0x00000007bd280000,0x00000007bd280000,0x00000007be880000)
 ParOldGen       total 206848K, used 43842K [0x00000007a0000000, 0x00000007aca00000, 0x00000007b5580000)
  object space 206848K, 21% used [0x00000007a0000000,0x00000007a2ad0bc8,0x00000007aca00000)
 Metaspace       used 67295K, capacity 68988K, committed 69216K, reserved 1110016K
  class space    used 8677K, capacity 9000K, committed 9056K, reserved 1048576K
}
Event: 4.762 GC heap before
{Heap before GC invocations=20 (full 3):
 PSYoungGen      total 150528K, used 133234K [0x00000007b5580000, 0x00000007c0000000, 0x00000007c0000000)
  eden space 128000K, 100% used [0x00000007b5580000,0x00000007bd280000,0x00000007bd280000)
  from space 22528K, 23% used [0x00000007be880000,0x00000007bed9cb98,0x00000007bfe80000)
  to   space 22528K, 0% used [0x00000007bd280000,0x00000007bd280000,0x00000007be880000)
 ParOldGen       total 206848K, used 43842K [0x00000007a0000000, 0x00000007aca00000, 0x00000007b5580000)
  object space 206848K, 21% used [0x00000007a0000000,0x00000007a2ad0bc8,0x00000007aca00000)
 Metaspace       used 67384K, capacity 69058K, committed 69216K, reserved 1110016K
  class space    used 8686K, capacity 9001K, committed 9056K, reserved 1048576K
Event: 4.765 GC heap after
Heap after GC invocations=20 (full 3):
 PSYoungGen      total 150528K, used 5312K [0x00000007b5580000, 0x00000007bff00000, 0x00000007c0000000)
  eden space 128000K, 0% used [0x00000007b5580000,0x00000007b5580000,0x00000007bd280000)
  from space 22528K, 23% used [0x00000007bd280000,0x00000007bd7b0090,0x00000007be880000)
  to   space 22016K, 0% used [0x00000007be980000,0x00000007be980000,0x00000007bff00000)
 ParOldGen       total 206848K, used 43850K [0x00000007a0000000, 0x00000007aca00000, 0x00000007b5580000)
  object space 206848K, 21% used [0x00000007a0000000,0x00000007a2ad2bc8,0x00000007aca00000)
 Metaspace       used 67384K, capacity 69058K, committed 69216K, reserved 1110016K
  class space    used 8686K, capacity 9001K, committed 9056K, reserved 1048576K
}
Event: 5.106 GC heap before
{Heap before GC invocations=21 (full 3):
 PSYoungGen      total 150528K, used 133312K [0x00000007b5580000, 0x00000007bff00000, 0x00000007c0000000)
  eden space 128000K, 100% used [0x00000007b5580000,0x00000007bd280000,0x00000007bd280000)
  from space 22528K, 23% used [0x00000007bd280000,0x00000007bd7b0090,0x00000007be880000)
  to   space 22016K, 0% used [0x00000007be980000,0x00000007be980000,0x00000007bff00000)
 ParOldGen       total 206848K, used 43850K [0x00000007a0000000, 0x00000007aca00000, 0x00000007b5580000)
  object space 206848K, 21% used [0x00000007a0000000,0x00000007a2ad2bc8,0x00000007aca00000)
 Metaspace       used 69020K, capacity 70826K, committed 71008K, reserved 1112064K
  class space    used 8889K, capacity 9249K, committed 9312K, reserved 1048576K
Event: 5.110 GC heap after
Heap after GC invocations=21 (full 3):
 PSYoungGen      total 151552K, used 12717K [0x00000007b5580000, 0x00000007bff80000, 0x00000007c0000000)
  eden space 129536K, 0% used [0x00000007b5580000,0x00000007b5580000,0x00000007bd400000)
  from space 22016K, 57% used [0x00000007be980000,0x00000007bf5eb778,0x00000007bff00000)
  to   space 22016K, 0% used [0x00000007bd400000,0x00000007bd400000,0x00000007be980000)
 ParOldGen       total 206848K, used 43858K [0x00000007a0000000, 0x00000007aca00000, 0x00000007b5580000)
  object space 206848K, 21% used [0x00000007a0000000,0x00000007a2ad4bc8,0x00000007aca00000)
 Metaspace       used 69020K, capacity 70826K, committed 71008K, reserved 1112064K
  class space    used 8889K, capacity 9249K, committed 9312K, reserved 1048576K
}
Event: 5.363 GC heap before
{Heap before GC invocations=22 (full 3):
 PSYoungGen      total 151552K, used 142253K [0x00000007b5580000, 0x00000007bff80000, 0x00000007c0000000)
  eden space 129536K, 100% used [0x00000007b5580000,0x00000007bd400000,0x00000007bd400000)
  from space 22016K, 57% used [0x00000007be980000,0x00000007bf5eb778,0x00000007bff00000)
  to   space 22016K, 0% used [0x00000007bd400000,0x00000007bd400000,0x00000007be980000)
 ParOldGen       total 206848K, used 43858K [0x00000007a0000000, 0x00000007aca00000, 0x00000007b5580000)
  object space 206848K, 21% used [0x00000007a0000000,0x00000007a2ad4bc8,0x00000007aca00000)
 Metaspace       used 69429K, capacity 71322K, committed 71520K, reserved 1112064K
  class space    used 8939K, capacity 9305K, committed 9312K, reserved 1048576K
Event: 5.367 GC heap after
Heap after GC invocations=22 (full 3):
 PSYoungGen      total 151552K, used 11309K [0x00000007b5580000, 0x00000007bfe00000, 0x00000007c0000000)
  eden space 129536K, 0% used [0x00000007b5580000,0x00000007b5580000,0x00000007bd400000)
  from space 22016K, 51% used [0x00000007bd400000,0x00000007bdf0b788,0x00000007be980000)
  to   space 20992K, 0% used [0x00000007be980000,0x00000007be980000,0x00000007bfe00000)
 ParOldGen       total 206848K, used 43866K [0x00000007a0000000, 0x00000007aca00000, 0x00000007b5580000)
  object space 206848K, 21% used [0x00000007a0000000,0x00000007a2ad6bc8,0x00000007aca00000)
 Metaspace       used 69429K, capacity 71322K, committed 71520K, reserved 1112064K
  class space    used 8939K, capacity 9305K, committed 9312K, reserved 1048576K
}

Deoptimization events (0 events):
No events

Classes redefined (0 events):
No events

Internal exceptions (10 events):
Event: 5.371 Thread 0x0000000143808800 Exception <a 'java/lang/ArrayIndexOutOfBoundsException'> (0x00000007b5712260) thrown at [/Users/tester/jenkins/workspace/zulu8-build-macos-aarch64/zulu-src.zulu8-emb-one/hotspot/src/share/vm/runtime/sharedRuntime.cpp, line 671]
Event: 5.371 Thread 0x0000000143808800 Exception <a 'java/lang/ArrayIndexOutOfBoundsException'> (0x00000007b57146d0) thrown at [/Users/tester/jenkins/workspace/zulu8-build-macos-aarch64/zulu-src.zulu8-emb-one/hotspot/src/share/vm/runtime/sharedRuntime.cpp, line 671]
Event: 5.371 Thread 0x0000000143808800 Exception <a 'java/lang/ArrayIndexOutOfBoundsException'> (0x00000007b5715ea8) thrown at [/Users/tester/jenkins/workspace/zulu8-build-macos-aarch64/zulu-src.zulu8-emb-one/hotspot/src/share/vm/runtime/sharedRuntime.cpp, line 671]
Event: 5.371 Thread 0x0000000143808800 Exception <a 'java/lang/ArrayIndexOutOfBoundsException'> (0x00000007b5717b68) thrown at [/Users/tester/jenkins/workspace/zulu8-build-macos-aarch64/zulu-src.zulu8-emb-one/hotspot/src/share/vm/runtime/sharedRuntime.cpp, line 671]
Event: 5.423 Thread 0x0000000143808800 Exception <a 'java/lang/NoClassDefFoundError': org/eclipse/core/runtime/Platform> (0x00000007b690fe38) thrown at [/Users/tester/jenkins/workspace/zulu8-build-macos-aarch64/zulu-src.zulu8-emb-one/hotspot/src/share/vm/classfile/systemDictionary.cpp, line 20
Event: 5.427 Thread 0x0000000143808800 Exception <a 'java/lang/ClassNotFoundException': org/geoserver/wfs/DefaultWebFeatureServiceBeanInfo> (0x00000007b6aa50d8) thrown at [/Users/tester/jenkins/workspace/zulu8-build-macos-aarch64/zulu-src.zulu8-emb-one/hotspot/src/share/vm/classfile/systemDict
Event: 5.427 Thread 0x0000000143808800 Exception <a 'java/lang/ClassNotFoundException': org/geoserver/wfs/DefaultWebFeatureServiceCustomizer> (0x00000007b6ae2ef0) thrown at [/Users/tester/jenkins/workspace/zulu8-build-macos-aarch64/zulu-src.zulu8-emb-one/hotspot/src/share/vm/classfile/systemDi
Event: 5.428 Thread 0x0000000143808800 Exception <a 'java/lang/ClassNotFoundException': org/geoserver/wfs/WebFeatureServiceBeanInfo> (0x00000007b6b265e0) thrown at [/Users/tester/jenkins/workspace/zulu8-build-macos-aarch64/zulu-src.zulu8-emb-one/hotspot/src/share/vm/classfile/systemDictionary.
Event: 5.428 Thread 0x0000000143808800 Exception <a 'java/lang/ClassNotFoundException': org/geoserver/wfs/WebFeatureServiceCustomizer> (0x00000007b6b5ec40) thrown at [/Users/tester/jenkins/workspace/zulu8-build-macos-aarch64/zulu-src.zulu8-emb-one/hotspot/src/share/vm/classfile/systemDictionar
Event: 5.430 Thread 0x0000000143808800 Exception <a 'java/lang/ArrayIndexOutOfBoundsException'> (0x00000007b6bbeb38) thrown at [/Users/tester/jenkins/workspace/zulu8-build-macos-aarch64/zulu-src.zulu8-emb-one/hotspot/src/share/vm/runtime/sharedRuntime.cpp, line 671]

Events (10 events):
Event: 5.542 loading class org/sqlite/date/FastDateParser$2
Event: 5.542 loading class org/sqlite/date/FastDateParser$2 done
Event: 5.542 loading class org/sqlite/date/FastDateParser$3
Event: 5.542 loading class org/sqlite/date/FastDateParser$3 done
Event: 5.543 loading class org/sqlite/date/FastDateParser$4
Event: 5.543 loading class org/sqlite/date/FastDateParser$4 done
Event: 5.543 loading class org/sqlite/date/FastDateParser$ISO8601TimeZoneStrategy
Event: 5.543 loading class org/sqlite/date/FastDateParser$ISO8601TimeZoneStrategy done
Event: 5.544 loading class org/geotools/geopkg/FeatureEntry
Event: 5.544 loading class org/geotools/geopkg/FeatureEntry done


Dynamic libraries:
0x000000019f44d000 	/System/Library/Frameworks/Cocoa.framework/Versions/A/Cocoa
0x000000018d366000 	/System/Library/Frameworks/Security.framework/Versions/A/Security
0x000000019d7b9000 	/System/Library/Frameworks/ApplicationServices.framework/Versions/A/ApplicationServices
0x0000000194f24000 	/usr/lib/libz.1.dylib
0x0000000194fca000 	/usr/lib/libSystem.B.dylib
0x000000018b5aa000 	/System/Library/Frameworks/CoreFoundation.framework/Versions/A/CoreFoundation
0x000000018c372000 	/System/Library/Frameworks/Foundation.framework/Versions/C/Foundation
0x000000018b3c1000 	/usr/lib/libobjc.A.dylib
0x000000018dddc000 	/System/Library/Frameworks/AppKit.framework/Versions/C/AppKit
0x0000000190c00000 	/System/Library/Frameworks/CoreData.framework/Versions/A/CoreData
0x000000018eb1e000 	/System/Library/PrivateFrameworks/UIFoundation.framework/Versions/A/UIFoundation
0x000000019a62f000 	/System/Library/PrivateFrameworks/RemoteViewServices.framework/Versions/A/RemoteViewServices
0x0000000193844000 	/System/Library/PrivateFrameworks/XCTTargetBootstrap.framework/Versions/A/XCTTargetBootstrap
0x0000000196185000 	/usr/lib/libspindump.dylib
0x000000018ed45000 	/System/Library/Frameworks/UniformTypeIdentifiers.framework/Versions/A/UniformTypeIdentifiers
0x0000000191e2c000 	/usr/lib/libapp_launch_measurement.dylib
0x0000000191e2f000 	/System/Library/PrivateFrameworks/CoreAutoLayout.framework/Versions/A/CoreAutoLayout
0x00000001931c1000 	/System/Library/Frameworks/Metal.framework/Versions/A/Metal
0x0000000193e21000 	/usr/lib/liblangid.dylib
0x0000000193848000 	/System/Library/PrivateFrameworks/CoreSVG.framework/Versions/A/CoreSVG
0x000000018fdf8000 	/System/Library/PrivateFrameworks/SkyLight.framework/Versions/A/SkyLight
0x0000000190167000 	/System/Library/Frameworks/CoreGraphics.framework/Versions/A/CoreGraphics
0x000000019ab4f000 	/System/Library/Frameworks/Accelerate.framework/Versions/A/Accelerate
0x0000000195bdf000 	/System/Library/PrivateFrameworks/IconServices.framework/Versions/A/IconServices
0x00000001931a5000 	/System/Library/Frameworks/IOSurface.framework/Versions/A/IOSurface
0x00000001914cf000 	/usr/lib/libDiagnosticMessagesClient.dylib
0x000000019382c000 	/System/Library/PrivateFrameworks/DFRFoundation.framework/Versions/A/DFRFoundation
0x000000018d6cd000 	/usr/lib/libicucore.A.dylib
0x00000001976d3000 	/System/Library/Frameworks/AudioToolbox.framework/Versions/A/AudioToolbox
0x00000001968e6000 	/System/Library/PrivateFrameworks/DataDetectorsCore.framework/Versions/A/DataDetectorsCore
0x000000018fd73000 	/usr/lib/libMobileGestalt.dylib
0x0000000193521000 	/System/Library/Frameworks/Carbon.framework/Versions/A/Frameworks/HIToolbox.framework/Versions/A/HIToolbox
0x00000001918ca000 	/System/Library/Frameworks/QuartzCore.framework/Versions/A/QuartzCore
0x000000019a667000 	/System/Library/Frameworks/Carbon.framework/Versions/A/Frameworks/SpeechRecognition.framework/Versions/A/SpeechRecognition
0x0000000191bca000 	/System/Library/PrivateFrameworks/CoreUI.framework/Versions/A/CoreUI
0x000000018cd4b000 	/System/Library/Frameworks/CoreAudio.framework/Versions/A/CoreAudio
0x00000001915b8000 	/System/Library/Frameworks/DiskArbitration.framework/Versions/A/DiskArbitration
0x0000000196538000 	/System/Library/PrivateFrameworks/MultitouchSupport.framework/Versions/A/MultitouchSupport
0x00000001968dd000 	/System/Library/PrivateFrameworks/InternationalSupport.framework/Versions/A/InternationalSupport
0x000000018fd71000 	/usr/lib/libenergytrace.dylib
0x000000018dcb6000 	/System/Library/Frameworks/IOKit.framework/Versions/A/IOKit
0x000000019a992000 	/System/Library/Frameworks/CoreServices.framework/Versions/A/CoreServices
0x0000000191dc2000 	/System/Library/PrivateFrameworks/PerformanceAnalysis.framework/Versions/A/PerformanceAnalysis
0x00000001cd5f1000 	/System/Library/Frameworks/OpenGL.framework/Versions/A/OpenGL
0x000000019695b000 	/System/Library/PrivateFrameworks/UserActivity.framework/Versions/A/UserActivity
0x0000000190755000 	/System/Library/Frameworks/ColorSync.framework/Versions/A/ColorSync
0x0000000193a93000 	/System/Library/Frameworks/CoreImage.framework/Versions/A/CoreImage
0x000000018cb7b000 	/System/Library/Frameworks/CoreText.framework/Versions/A/CoreText
0x0000000193873000 	/System/Library/Frameworks/ImageIO.framework/Versions/A/ImageIO
0x0000000194fd0000 	/System/Library/PrivateFrameworks/SoftLinking.framework/Versions/A/SoftLinking
0x0000000191e72000 	/usr/lib/libxml2.2.dylib
0x000000018b480000 	/usr/lib/libc++.1.dylib
0x0000000195250000 	/usr/lib/libcompression.dylib
0x0000000196829000 	/System/Library/PrivateFrameworks/TextureIO.framework/Versions/A/TextureIO
0x000000019593b000 	/usr/lib/libate.dylib
0x0000000194fc4000 	/usr/lib/system/libcache.dylib
0x0000000194f83000 	/usr/lib/system/libcommonCrypto.dylib
0x0000000194fad000 	/usr/lib/system/libcompiler_rt.dylib
0x0000000194fa4000 	/usr/lib/system/libcopyfile.dylib
0x000000018b2dc000 	/usr/lib/system/libcorecrypto.dylib
0x000000018b37c000 	/usr/lib/system/libdispatch.dylib
0x000000018b535000 	/usr/lib/system/libdyld.dylib
0x0000000194fba000 	/usr/lib/system/libkeymgr.dylib
0x00000001983e9000 	/usr/lib/system/liblaunch.dylib
0x0000000194f65000 	/usr/lib/system/libmacho.dylib
0x00000001947d7000 	/usr/lib/system/libquarantine.dylib
0x0000000194fb7000 	/usr/lib/system/libremovefile.dylib
0x000000018fdc6000 	/usr/lib/system/libsystem_asl.dylib
0x000000018b28a000 	/usr/lib/system/libsystem_blocks.dylib
0x000000018b3fe000 	/usr/lib/system/libsystem_c.dylib
0x0000000194fb1000 	/usr/lib/system/libsystem_collections.dylib
0x0000000193e11000 	/usr/lib/system/libsystem_configuration.dylib
0x0000000193193000 	/usr/lib/system/libsystem_containermanager.dylib
0x0000000194d3a000 	/usr/lib/system/libsystem_coreservices.dylib
0x000000018d93f000 	/usr/lib/system/libsystem_darwin.dylib
0x0000000194fbb000 	/usr/lib/system/libsystem_dnssd.dylib
0x000000018b3fb000 	/usr/lib/system/libsystem_featureflags.dylib
0x000000018b57e000 	/usr/lib/system/libsystem_info.dylib
0x0000000194f36000 	/usr/lib/system/libsystem_m.dylib
0x000000018b350000 	/usr/lib/system/libsystem_malloc.dylib
0x000000018fd61000 	/usr/lib/system/libsystem_networkextension.dylib
0x000000018dd82000 	/usr/lib/system/libsystem_notify.dylib
0x000000019a89d000 	/usr/lib/system/libsystem_product_info_filter.dylib
0x0000000193e16000 	/usr/lib/system/libsystem_sandbox.dylib
0x0000000194fb4000 	/usr/lib/system/libsystem_secinit.dylib
0x000000018b4f4000 	/usr/lib/system/libsystem_kernel.dylib
0x000000018b577000 	/usr/lib/system/libsystem_platform.dylib
0x000000018b528000 	/usr/lib/system/libsystem_pthread.dylib
0x0000000191337000 	/usr/lib/system/libsystem_symptoms.dylib
0x000000018b2c4000 	/usr/lib/system/libsystem_trace.dylib
0x0000000194f91000 	/usr/lib/system/libunwind.dylib
0x000000018b28c000 	/usr/lib/system/libxpc.dylib
0x000000018b4dc000 	/usr/lib/libc++abi.dylib
0x0000000194f9c000 	/usr/lib/liboah.dylib
0x0000000195784000 	/usr/lib/liblzma.5.dylib
0x000000018c087000 	/System/Library/Frameworks/SystemConfiguration.framework/Versions/A/SystemConfiguration
0x0000000194fcc000 	/usr/lib/libfakelink.dylib
0x000000018f8d8000 	/System/Library/Frameworks/CFNetwork.framework/Versions/A/CFNetwork
0x0000000195116000 	/usr/lib/libarchive.2.dylib
0x000000018c10f000 	/usr/lib/libCRFSuite.dylib
0x0000000194801000 	/usr/lib/libbsm.0.dylib
0x000000018f18f000 	/usr/lib/libnetwork.dylib
0x0000000194fd1000 	/usr/lib/libpcap.A.dylib
0x000000019132f000 	/usr/lib/libdns_services.dylib
0x000000019579d000 	/usr/lib/libcoretls_cfhelpers.dylib
0x000000019521f000 	/usr/lib/libapple_nghttp2.dylib
0x0000000194f6b000 	/usr/lib/system/libkxld.dylib
0x0000000190fc0000 	/usr/lib/libsqlite3.dylib
0x0000000194d1d000 	/System/Library/PrivateFrameworks/AppleFSCompression.framework/Versions/A/AppleFSCompression
0x00000001947ea000 	/usr/lib/libcoretls.dylib
0x000000019524b000 	/usr/lib/libpam.2.dylib
0x0000000195884000 	/usr/lib/libxar.1.dylib
0x0000000193e1d000 	/System/Library/PrivateFrameworks/AppleSystemInfo.framework/Versions/A/AppleSystemInfo
0x000000019443a000 	/System/Library/PrivateFrameworks/IOMobileFramebuffer.framework/Versions/A/IOMobileFramebuffer
0x0000000194d2d000 	/usr/lib/libbz2.1.0.dylib
0x000000019500d000 	/usr/lib/libiconv.2.dylib
0x0000000194f64000 	/usr/lib/libcharset.1.dylib
0x0000000191dfb000 	/System/Library/Frameworks/CoreServices.framework/Versions/A/Frameworks/FSEvents.framework/Versions/A/FSEvents
0x000000018d94a000 	/System/Library/Frameworks/CoreServices.framework/Versions/A/Frameworks/CarbonCore.framework/Versions/A/CarbonCore
0x000000019151e000 	/System/Library/Frameworks/CoreServices.framework/Versions/A/Frameworks/Metadata.framework/Versions/A/Metadata
0x0000000194d3f000 	/System/Library/Frameworks/CoreServices.framework/Versions/A/Frameworks/OSServices.framework/Versions/A/OSServices
0x0000000195187000 	/System/Library/Frameworks/CoreServices.framework/Versions/A/Frameworks/SearchKit.framework/Versions/A/SearchKit
0x00000001912bb000 	/System/Library/Frameworks/CoreServices.framework/Versions/A/Frameworks/AE.framework/Versions/A/AE
0x000000018ba59000 	/System/Library/Frameworks/CoreServices.framework/Versions/A/Frameworks/LaunchServices.framework/Versions/A/LaunchServices
0x0000000195731000 	/System/Library/Frameworks/CoreServices.framework/Versions/A/Frameworks/DictionaryServices.framework/Versions/A/DictionaryServices
0x0000000191e08000 	/System/Library/Frameworks/CoreServices.framework/Versions/A/Frameworks/SharedFileList.framework/Versions/A/SharedFileList
0x00000001947da000 	/usr/lib/libCheckFix.dylib
0x000000018fdde000 	/System/Library/PrivateFrameworks/TCC.framework/Versions/A/TCC
0x0000000193e23000 	/System/Library/PrivateFrameworks/CoreNLP.framework/Versions/A/CoreNLP
0x00000001914d2000 	/System/Library/PrivateFrameworks/MetadataUtilities.framework/Versions/A/MetadataUtilities
0x000000018c143000 	/usr/lib/libmecabra.dylib
0x0000000194ac0000 	/System/Library/Frameworks/MLCompute.framework/Versions/A/MLCompute
0x0000000194812000 	/usr/lib/libmecab.dylib
0x0000000194858000 	/usr/lib/libgermantok.dylib
0x00000001951f8000 	/usr/lib/libThaiTokenizer.dylib
0x00000001958c0000 	/usr/lib/libChineseTokenizer.dylib
0x0000000195249000 	/System/Library/Frameworks/MetalPerformanceShaders.framework/Versions/A/MetalPerformanceShaders
0x00000001915bf000 	/System/Library/Frameworks/Accelerate.framework/Versions/A/Frameworks/vImage.framework/Versions/A/vImage
0x000000019a970000 	/System/Library/Frameworks/Accelerate.framework/Versions/A/Frameworks/vecLib.framework/Versions/A/vecLib
0x00000001958cb000 	/System/Library/Frameworks/Accelerate.framework/Versions/A/Frameworks/vecLib.framework/Versions/A/libvMisc.dylib
0x0000000194378000 	/System/Library/Frameworks/Accelerate.framework/Versions/A/Frameworks/vecLib.framework/Versions/A/libvDSP.dylib
0x000000018bd6d000 	/System/Library/Frameworks/Accelerate.framework/Versions/A/Frameworks/vecLib.framework/Versions/A/libBLAS.dylib
0x0000000195274000 	/System/Library/Frameworks/Accelerate.framework/Versions/A/Frameworks/vecLib.framework/Versions/A/libLAPACK.dylib
0x000000019485d000 	/System/Library/Frameworks/Accelerate.framework/Versions/A/Frameworks/vecLib.framework/Versions/A/libLinearAlgebra.dylib
0x0000000195236000 	/System/Library/Frameworks/Accelerate.framework/Versions/A/Frameworks/vecLib.framework/Versions/A/libSparseBLAS.dylib
0x000000019526f000 	/System/Library/Frameworks/Accelerate.framework/Versions/A/Frameworks/vecLib.framework/Versions/A/libQuadrature.dylib
0x0000000193eb9000 	/System/Library/Frameworks/Accelerate.framework/Versions/A/Frameworks/vecLib.framework/Versions/A/libBNNS.dylib
0x000000018c023000 	/System/Library/Frameworks/Accelerate.framework/Versions/A/Frameworks/vecLib.framework/Versions/A/libSparse.dylib
0x0000000193dac000 	/System/Library/Frameworks/MetalPerformanceShaders.framework/Versions/A/Frameworks/MPSCore.framework/Versions/A/MPSCore
0x0000000194c95000 	/System/Library/Frameworks/MetalPerformanceShaders.framework/Versions/A/Frameworks/MPSImage.framework/Versions/A/MPSImage
0x0000000194872000 	/System/Library/Frameworks/MetalPerformanceShaders.framework/Versions/A/Frameworks/MPSNeuralNetwork.framework/Versions/A/MPSNeuralNetwork
0x0000000194c13000 	/System/Library/Frameworks/MetalPerformanceShaders.framework/Versions/A/Frameworks/MPSMatrix.framework/Versions/A/MPSMatrix
0x0000000194a76000 	/System/Library/Frameworks/MetalPerformanceShaders.framework/Versions/A/Frameworks/MPSRayIntersector.framework/Versions/A/MPSRayIntersector
0x0000000194c42000 	/System/Library/Frameworks/MetalPerformanceShaders.framework/Versions/A/Frameworks/MPSNDArray.framework/Versions/A/MPSNDArray
0x000000018bc92000 	/System/Library/PrivateFrameworks/MetalTools.framework/Versions/A/MetalTools
0x0000000193e1b000 	/System/Library/PrivateFrameworks/AggregateDictionary.framework/Versions/A/AggregateDictionary
0x000000019149c000 	/System/Library/PrivateFrameworks/CoreAnalytics.framework/Versions/A/CoreAnalytics
0x00000001951fa000 	/System/Library/PrivateFrameworks/AppleSauce.framework/Versions/A/AppleSauce
0x00000001931b7000 	/System/Library/PrivateFrameworks/IOAccelerator.framework/Versions/A/IOAccelerator
0x00000001cd5e4000 	/System/Library/Frameworks/OpenGL.framework/Versions/A/Libraries/libCoreFSCache.dylib
0x000000018c6ff000 	/System/Library/PrivateFrameworks/LanguageModeling.framework/Versions/A/LanguageModeling
0x0000000194427000 	/System/Library/PrivateFrameworks/CoreEmoji.framework/Versions/A/CoreEmoji
0x0000000193eb1000 	/System/Library/PrivateFrameworks/LinguisticData.framework/Versions/A/LinguisticData
0x000000018bfd8000 	/System/Library/PrivateFrameworks/Lexicon.framework/Versions/A/Lexicon
0x0000000195103000 	/usr/lib/libcmph.dylib
0x0000000191ddb000 	/System/Library/Frameworks/OpenDirectory.framework/Versions/A/Frameworks/CFOpenDirectory.framework/Versions/A/CFOpenDirectory
0x0000000191dcd000 	/System/Library/Frameworks/OpenDirectory.framework/Versions/A/OpenDirectory
0x000000019579f000 	/System/Library/PrivateFrameworks/APFS.framework/Versions/A/APFS
0x0000000194743000 	/System/Library/Frameworks/SecurityFoundation.framework/Versions/A/SecurityFoundation
0x0000000195892000 	/usr/lib/libutil.dylib
0x000000018dc7a000 	/System/Library/PrivateFrameworks/CoreServicesStore.framework/Versions/A/CoreServicesStore
0x00000001947d1000 	/System/Library/Frameworks/ServiceManagement.framework/Versions/A/ServiceManagement
0x0000000195896000 	/usr/lib/libxslt.1.dylib
0x00000001947c7000 	/System/Library/PrivateFrameworks/BackgroundTaskManagement.framework/Versions/A/BackgroundTaskManagement
0x0000000196778000 	/System/Library/Frameworks/ImageIO.framework/Versions/A/Resources/libRadiance.dylib
0x0000000196781000 	/System/Library/Frameworks/ImageIO.framework/Versions/A/Resources/libJPEG.dylib
0x00000001966d5000 	/System/Library/Frameworks/ImageIO.framework/Versions/A/Resources/libPng.dylib
0x00000001966f7000 	/System/Library/Frameworks/ImageIO.framework/Versions/A/Resources/libTIFF.dylib
0x00000001967d2000 	/System/Library/Frameworks/ImageIO.framework/Versions/A/Resources/libGIF.dylib
0x0000000196452000 	/System/Library/Frameworks/ImageIO.framework/Versions/A/Resources/libJP2.dylib
0x0000000195ba8000 	/usr/lib/libexpat.1.dylib
0x000000019640e000 	/System/Library/PrivateFrameworks/AppleJPEG.framework/Versions/A/AppleJPEG
0x00000001933c8000 	/System/Library/PrivateFrameworks/FontServices.framework/libFontParser.dylib
0x000000019126d000 	/System/Library/PrivateFrameworks/RunningBoardServices.framework/Versions/A/RunningBoardServices
0x000000019f984000 	/System/Library/PrivateFrameworks/IOSurfaceAccelerator.framework/Versions/A/IOSurfaceAccelerator
0x0000000196534000 	/System/Library/PrivateFrameworks/WatchdogClient.framework/Versions/A/WatchdogClient
0x000000018c7ef000 	/System/Library/Frameworks/CoreDisplay.framework/Versions/A/CoreDisplay
0x00000001932d0000 	/System/Library/Frameworks/CoreMedia.framework/Versions/A/CoreMedia
0x0000000191f5f000 	/System/Library/Frameworks/CoreVideo.framework/Versions/A/CoreVideo
0x0000000196571000 	/System/Library/Frameworks/VideoToolbox.framework/Versions/A/VideoToolbox
0x00000001911ea000 	/System/Library/PrivateFrameworks/BaseBoard.framework/Versions/A/BaseBoard
0x0000000195ce6000 	/System/Library/PrivateFrameworks/PersistentConnection.framework/Versions/A/PersistentConnection
0x0000000190fa9000 	/System/Library/PrivateFrameworks/ProtocolBuffer.framework/Versions/A/ProtocolBuffer
0x00000001911d3000 	/System/Library/PrivateFrameworks/CommonUtilities.framework/Versions/A/CommonUtilities
0x00000001963d3000 	/System/Library/PrivateFrameworks/Bom.framework/Versions/A/Bom
0x0000000196773000 	/System/Library/PrivateFrameworks/GPUWrangler.framework/Versions/A/GPUWrangler
0x0000000196754000 	/System/Library/PrivateFrameworks/IOPresentment.framework/Versions/A/IOPresentment
0x000000019677b000 	/System/Library/PrivateFrameworks/DSExternalDisplay.framework/Versions/A/DSExternalDisplay
0x00000001967d7000 	/System/Library/PrivateFrameworks/CMCaptureCore.framework/Versions/A/CMCaptureCore
0x000000019616e000 	/System/Library/PrivateFrameworks/AppServerSupport.framework/Versions/A/AppServerSupport
0x00000001981a3000 	/System/Library/PrivateFrameworks/perfdata.framework/Versions/A/perfdata
0x0000000194733000 	/System/Library/PrivateFrameworks/AssertionServices.framework/Versions/A/AssertionServices
0x000000018c912000 	/System/Library/PrivateFrameworks/AudioToolboxCore.framework/Versions/A/AudioToolboxCore
0x00000001932b0000 	/System/Library/PrivateFrameworks/caulk.framework/Versions/A/caulk
0x00000001a6fd1000 	/System/Library/PrivateFrameworks/SystemPolicy.framework/Versions/A/SystemPolicy
0x00000001959cd000 	/usr/lib/libIOReport.dylib
0x0000000197a3f000 	/usr/lib/libSMC.dylib
0x00000001966a2000 	/usr/lib/libAudioToolboxUtility.dylib
0x00000001a795e000 	/usr/lib/libmis.dylib
0x00000001cd646000 	/System/Library/Frameworks/OpenGL.framework/Versions/A/Libraries/libGLU.dylib
0x00000001cd604000 	/System/Library/Frameworks/OpenGL.framework/Versions/A/Libraries/libGFXShared.dylib
0x00000001cd7ec000 	/System/Library/Frameworks/OpenGL.framework/Versions/A/Libraries/libGL.dylib
0x00000001cd60d000 	/System/Library/Frameworks/OpenGL.framework/Versions/A/Libraries/libGLImage.dylib
0x00000001cd601000 	/System/Library/Frameworks/OpenGL.framework/Versions/A/Libraries/libCVMSPluginSupport.dylib
0x00000001cd5eb000 	/System/Library/Frameworks/OpenGL.framework/Versions/A/Libraries/libCoreVMClient.dylib
0x000000019e4be000 	/System/Library/PrivateFrameworks/ASEProcessing.framework/Versions/A/ASEProcessing
0x0000000195d0d000 	/System/Library/PrivateFrameworks/GraphVisualizer.framework/Versions/A/GraphVisualizer
0x0000000195d1b000 	/System/Library/PrivateFrameworks/FaceCore.framework/Versions/A/FaceCore
0x000000019612e000 	/System/Library/PrivateFrameworks/OTSVG.framework/Versions/A/OTSVG
0x0000000191b88000 	/System/Library/Frameworks/ApplicationServices.framework/Versions/A/Frameworks/ATS.framework/Versions/A/Resources/libFontRegistry.dylib
0x0000000196176000 	/System/Library/PrivateFrameworks/FontServices.framework/libhvf.dylib
0x00000001cd987000 	/System/Library/Frameworks/OpenCL.framework/Versions/A/OpenCL
0x0000000195b5c000 	/System/Library/PrivateFrameworks/AppleVA.framework/Versions/A/AppleVA
0x000000019788b000 	/System/Library/Frameworks/ApplicationServices.framework/Versions/A/Frameworks/ATS.framework/Versions/A/ATS
0x0000000197b9e000 	/System/Library/Frameworks/ApplicationServices.framework/Versions/A/Frameworks/ColorSyncLegacy.framework/Versions/A/ColorSyncLegacy
0x000000019084b000 	/System/Library/Frameworks/ApplicationServices.framework/Versions/A/Frameworks/HIServices.framework/Versions/A/HIServices
0x0000000197b7d000 	/System/Library/Frameworks/ApplicationServices.framework/Versions/A/Frameworks/LangAnalysis.framework/Versions/A/LangAnalysis
0x00000001967e1000 	/System/Library/Frameworks/ApplicationServices.framework/Versions/A/Frameworks/PrintCore.framework/Versions/A/PrintCore
0x0000000197ba6000 	/System/Library/Frameworks/ApplicationServices.framework/Versions/A/Frameworks/QD.framework/Versions/A/QD
0x0000000197877000 	/System/Library/Frameworks/ApplicationServices.framework/Versions/A/Frameworks/SpeechSynthesis.framework/Versions/A/SpeechSynthesis
0x00000001967a2000 	/System/Library/Frameworks/ApplicationServices.framework/Versions/A/Frameworks/ATSUI.framework/Versions/A/ATSUI
0x0000000197b1f000 	/usr/lib/libcups.2.dylib
0x0000000197b91000 	/System/Library/PrivateFrameworks/NetAuth.framework/Versions/A/NetAuth
0x00000001981bd000 	/System/Library/Frameworks/Kerberos.framework/Versions/A/Kerberos
0x00000001981ce000 	/System/Library/Frameworks/GSS.framework/Versions/A/GSS
0x00000001978fa000 	/usr/lib/libresolv.9.dylib
0x000000019618c000 	/System/Library/PrivateFrameworks/Heimdal.framework/Versions/A/Heimdal
0x000000019daa9000 	/System/Library/Frameworks/Kerberos.framework/Versions/A/Libraries/libHeimdalProxy.dylib
0x000000019133f000 	/System/Library/Frameworks/Network.framework/Versions/A/Network
0x0000000195bc3000 	/usr/lib/libheimdal-asn1.dylib
0x0000000198216000 	/System/Library/PrivateFrameworks/CommonAuth.framework/Versions/A/CommonAuth
0x0000000191fb3000 	/System/Library/PrivateFrameworks/login.framework/Versions/A/Frameworks/loginsupport.framework/Versions/A/loginsupport
0x00000001977fc000 	/System/Library/PrivateFrameworks/AudioSession.framework/Versions/A/AudioSession
0x0000000197864000 	/usr/lib/libAudioStatistics.dylib
0x0000000195c43000 	/System/Library/PrivateFrameworks/MediaExperience.framework/Versions/A/MediaExperience
0x000000019769d000 	/System/Library/PrivateFrameworks/AudioSession.framework/libSessionUtility.dylib
0x00000001981af000 	/usr/lib/libperfcheck.dylib
0x0000000197bb2000 	/System/Library/PrivateFrameworks/AudioResourceArbitration.framework/Versions/A/AudioResourceArbitration
0x0000000195bcc000 	/System/Library/PrivateFrameworks/IconFoundation.framework/Versions/A/IconFoundation
0x000000019a657000 	/System/Library/PrivateFrameworks/SpeechRecognitionCore.framework/Versions/A/SpeechRecognitionCore
0x0000000109800000 	/Library/Java/JavaVirtualMachines/zulu-8.jdk/Contents/Home/jre/lib/server/libjvm.dylib
0x0000000104b64000 	/Library/Java/JavaVirtualMachines/zulu-8.jdk/Contents/Home/jre/lib/libverify.dylib
0x0000000104b7c000 	/Library/Java/JavaVirtualMachines/zulu-8.jdk/Contents/Home/jre/lib/libjava.dylib
0x0000000104c18000 	/Library/Java/JavaVirtualMachines/zulu-8.jdk/Contents/Home/jre/lib/libzip.dylib
0x0000000105404000 	/Library/Java/JavaVirtualMachines/zulu-8.jdk/Contents/Home/jre/lib/libnio.dylib
0x0000000105428000 	/Library/Java/JavaVirtualMachines/zulu-8.jdk/Contents/Home/jre/lib/libnet.dylib
0x0000000105460000 	/Library/Java/JavaVirtualMachines/zulu-8.jdk/Contents/Home/jre/lib/libmanagement.dylib
0x0000000116228000 	/Library/Java/JavaVirtualMachines/zulu-8.jdk/Contents/Home/jre/lib/libawt.dylib
0x00000001162e4000 	/Library/Java/JavaVirtualMachines/zulu-8.jdk/Contents/Home/jre/lib/libmlib_image.dylib
0x0000000116388000 	/Library/Java/JavaVirtualMachines/zulu-8.jdk/Contents/Home/jre/lib/JavaNativeFoundation.framework/JavaNativeFoundation
0x00000001ceca2000 	/System/Library/Frameworks/JavaRuntimeSupport.framework/Versions/A/JavaRuntimeSupport
0x00000001a6d07000 	/System/Library/Frameworks/Carbon.framework/Versions/A/Carbon
0x000000019c155000 	/System/Library/PrivateFrameworks/CoreSymbolication.framework/Versions/A/CoreSymbolication
0x00000001a0a2f000 	/System/Library/Frameworks/Carbon.framework/Versions/A/Frameworks/CommonPanels.framework/Versions/A/CommonPanels
0x000000019d56f000 	/System/Library/Frameworks/Carbon.framework/Versions/A/Frameworks/Help.framework/Versions/A/Help
0x00000001a0a33000 	/System/Library/Frameworks/Carbon.framework/Versions/A/Frameworks/ImageCapture.framework/Versions/A/ImageCapture
0x00000001a09ff000 	/System/Library/Frameworks/Carbon.framework/Versions/A/Frameworks/OpenScripting.framework/Versions/A/OpenScripting
0x00000001a0a2b000 	/System/Library/Frameworks/Carbon.framework/Versions/A/Frameworks/Ink.framework/Versions/A/Ink
0x00000001a6d03000 	/System/Library/Frameworks/Carbon.framework/Versions/A/Frameworks/Print.framework/Versions/A/Print
0x00000001a0a27000 	/System/Library/Frameworks/Carbon.framework/Versions/A/Frameworks/SecurityHI.framework/Versions/A/SecurityHI
0x000000019c11a000 	/System/Library/PrivateFrameworks/DebugSymbols.framework/Versions/A/DebugSymbols
0x00000001163b0000 	/Library/Java/JavaVirtualMachines/zulu-8.jdk/Contents/Home/jre/lib/libawt_lwawt.dylib
0x0000000116490000 	/Library/Java/JavaVirtualMachines/zulu-8.jdk/Contents/Home/jre/lib/libosxapp.dylib
0x00000001a6309000 	/System/Library/Frameworks/ExceptionHandling.framework/Versions/A/ExceptionHandling
0x000000011714c000 	/Library/Java/JavaVirtualMachines/zulu-8.jdk/Contents/Home/jre/lib/libjpeg.dylib
0x0000000119390000 	/Library/Java/JavaVirtualMachines/zulu-8.jdk/Contents/Home/jre/lib/libsunec.dylib

VM Arguments:
jvm_args: -Xmx512M -enableassertions -Djava.awt.headless=true -Dsun.java2d.d3d=true -DremoteOwsTests=false -DquietTests=true -Dorg.geotools.image.test.enabled=true -Dorg.geotools.image.test.interactive=false -Duser.timezone= -Dwindows.leniency=true -XX:+TieredCompilation -XX:TieredStopAtLevel=1 -XX:+IgnoreUnrecognizedVMOptions -Dfile.encoding=UTF-8 --add-opens=java.base/java.lang=ALL-UNNAMED --add-opens=java.base/java.util=ALL-UNNAMED --add-opens=java.base/java.lang.reflect=ALL-UNNAMED --add-opens=java.base/java.text=ALL-UNNAMED --add-opens=java.desktop/java.awt.font=ALL-UNNAMED --add-opens=java.desktop/sun.awt.image=ALL-UNNAMED --add-opens=java.naming/com.sun.jndi.ldap=ALL-UNNAMED 
java_command: /Users/db/src/gs/gs-206/geoserver/src/extension/geopkg-output/target/surefire/surefirebooter3162266644903540326.jar /Users/db/src/gs/gs-206/geoserver/src/extension/geopkg-output/target/surefire 2022-01-16T19-33-22_673-jvmRun1 surefire6827155256064191321tmp surefire_0935869274505104089tmp
java_class_path (initial): /Users/db/src/gs/gs-206/geoserver/src/extension/geopkg-output/target/surefire/surefirebooter3162266644903540326.jar
Launcher Type: SUN_STANDARD

Environment Variables:
JAVA_HOME=/Users/db/.sdkman/candidates/java/current
PATH=/opt/homebrew/opt/libpq/bin:/Users/db/.sdkman/candidates/java/current/bin:/opt/homebrew/bin:/opt/homebrew/sbin:/usr/local/bin:/usr/bin:/bin:/usr/sbin:/sbin:/usr/local/share/dotnet:/opt/X11/bin:~/.dotnet/tools:/Library/Frameworks/Mono.framework/Versions/Current/Commands
SHELL=/bin/zsh
DISPLAY=/private/tmp/com.apple.launchd.BslyOiZ7mc/org.macosforge.xquartz:0

Signal Handlers:
SIGSEGV: [libjvm.dylib+0x54eea4], sa_mask[0]=11111111011111110111111111111111, sa_flags=SA_ONSTACK|SA_RESTART|SA_SIGINFO
SIGBUS: [libjvm.dylib+0x54eea4], sa_mask[0]=11111111011111110111111111111111, sa_flags=SA_RESTART|SA_SIGINFO
SIGFPE: [libjvm.dylib+0x4496d0], sa_mask[0]=11111111011111110111111111111111, sa_flags=SA_RESTART|SA_SIGINFO
SIGPIPE: [libjvm.dylib+0x4496d0], sa_mask[0]=11111111011111110111111111111111, sa_flags=SA_RESTART|SA_SIGINFO
SIGXFSZ: [libjvm.dylib+0x4496d0], sa_mask[0]=11111111011111110111111111111111, sa_flags=SA_RESTART|SA_SIGINFO
SIGILL: [libjvm.dylib+0x4496d0], sa_mask[0]=11111111011111110111111111111111, sa_flags=SA_RESTART|SA_SIGINFO
SIGUSR1: SIG_DFL, sa_mask[0]=00000000000000000000000000000000, sa_flags=SA_RESTART
SIGUSR2: [libjvm.dylib+0x449ff4], sa_mask[0]=00100000000000000000000000000000, sa_flags=SA_RESTART|SA_SIGINFO
SIGHUP: [libjvm.dylib+0x447f8c], sa_mask[0]=11111111011111110111111111111111, sa_flags=SA_RESTART|SA_SIGINFO
SIGINT: [libjvm.dylib+0x447f8c], sa_mask[0]=11111111011111110111111111111111, sa_flags=SA_RESTART|SA_SIGINFO
SIGTERM: [libjvm.dylib+0x447f8c], sa_mask[0]=11111111011111110111111111111111, sa_flags=SA_RESTART|SA_SIGINFO
SIGQUIT: [libjvm.dylib+0x447f8c], sa_mask[0]=11111111011111110111111111111111, sa_flags=SA_RESTART|SA_SIGINFO


---------------  S Y S T E M  ---------------

OS:Bsduname:Darwin 20.6.0 Darwin Kernel Version 20.6.0: Mon Aug 30 06:12:20 PDT 2021; root:xnu-7195.141.6~3/RELEASE_ARM64_T8101 arm64
rlimit: STACK 8176k, CORE 0k, NPROC 2666, NOFILE 10240, AS infinity
load average:2.92 2.01 1.81

CPU:total 8 (initial active 8) 0x61:0x0:0x1b588bb3:0, simd, crc, lse

Memory: 16k page, physical 16777216k(543888k free)

/proc/meminfo:


vm_info: OpenJDK 64-Bit Server VM (25.282-b08) for bsd-aarch64 JRE (Zulu 8.52.0.23-CA-macos-aarch64) (1.8.0_282-b08), built on Jan 12 2021 07:41:57 by "zulu_re" with gcc Apple LLVM 12.0.0 (clang-1200.0.32.27)

time: Sun Jan 16 19:33:28 2022
timezone: PST
elapsed time: 5.550690 seconds (0d 0h 0m 5s)

